<?xml version="1.0" encoding="UTF-8"?>
<!-- Generated by org.testng.reporters.JUnitReportReporter -->
<testsuite skipped="0" hostname="dlc-VAIO" name="pck.TestFacebook" tests="1" failures="0" timestamp="20 May 2019 10:26:08 GMT" time="69.193" errors="0">
  <testcase name="captureScreenshot" time="69.193" classname="pck.TestFacebook"/>
</testsuite> <!-- pck.TestFacebook -->
