<?xml version="1.0" encoding="UTF-8"?>
<!-- Generated by org.testng.reporters.JUnitReportReporter -->
<testsuite skipped="0" hostname="dlc-VAIO" name="pck.Fileupload" tests="1" failures="0" timestamp="20 May 2019 15:18:19 GMT" time="68.771" errors="0">
  <testcase name="fileup" time="68.771" classname="pck.Fileupload"/>
</testsuite> <!-- pck.Fileupload -->
